<?xml version="1.0" encoding="UTF-8"?>
<testng-results ignored="0" total="1" passed="1" failed="0" skipped="0">
  <reporter-output>
  </reporter-output>
  <suite started-at="2023-04-14T11:08:01 IST" name="Default suite" finished-at="2023-04-14T11:08:01 IST" duration-ms="155">
    <groups>
    </groups>
    <test started-at="2023-04-14T11:08:01 IST" name="Default test" finished-at="2023-04-14T11:08:01 IST" duration-ms="155">
      <class name="sample.Demo3">
        <test-method signature="test()[pri:0, instance:sample.Demo3@6f27a732]" started-at="2023-04-14T11:08:01 IST" name="test" finished-at="2023-04-14T11:08:01 IST" duration-ms="30" status="PASS">
          <reporter-output>
          </reporter-output>
        </test-method> <!-- test -->
      </class> <!-- sample.Demo3 -->
    </test> <!-- Default test -->
  </suite> <!-- Default suite -->
</testng-results>
