<?xml version="1.0" encoding="UTF-8"?>
<testng-results ignored="0" total="1" passed="1" failed="0" skipped="0">
  <reporter-output>
  </reporter-output>
  <suite started-at="2023-04-12T10:06:26 GST" name="Default suite" finished-at="2023-04-12T10:06:26 GST" duration-ms="51">
    <groups>
    </groups>
    <test started-at="2023-04-12T10:06:26 GST" name="Default test" finished-at="2023-04-12T10:06:26 GST" duration-ms="51">
      <class name="sample.Demo">
        <test-method signature="demo()[pri:0, instance:sample.Demo@769e7ee8]" started-at="2023-04-12T10:06:26 GST" name="demo" finished-at="2023-04-12T10:06:26 GST" duration-ms="13" status="PASS">
          <reporter-output>
          </reporter-output>
        </test-method> <!-- demo -->
      </class> <!-- sample.Demo -->
    </test> <!-- Default test -->
  </suite> <!-- Default suite -->
</testng-results>
